<?xml version="1.0" encoding="UTF-8"?>
<!-- Generated by org.testng.reporters.JUnitReportReporter -->
<testsuite hostname="DESKTOP-SNRP3UF" failures="0" tests="1" name="com.AB.tests.Logintest" time="25.779" errors="0" timestamp="26 Nov 2020 18:49:15 GMT">
  <testcase classname="com.AB.tests.Logintest" name="loginpositive" time="25.779"/>
</testsuite> <!-- com.AB.tests.Logintest -->
