<?xml version="1.0" encoding="UTF-8"?>
<!-- Generated by org.testng.reporters.JUnitReportReporter -->
<testsuite hostname="DESKTOP-SNRP3UF" failures="0" tests="1" name="com.AB.tests.Createbot" time="97.274" errors="0" timestamp="1 Dec 2020 19:45:11 GMT">
  <testcase classname="com.AB.tests.Createbot" name="createnewbot" time="97.274"/>
</testsuite> <!-- com.AB.tests.Createbot -->
