<?xml version="1.0" encoding="UTF-8"?>
<!-- Generated by org.testng.reporters.JUnitReportReporter -->
<testsuite hostname="DESKTOP-SNRP3UF" failures="0" tests="1" name="com.AB.tests.Logintest" time="68.334" errors="0" timestamp="1 Dec 2020 18:49:32 GMT">
  <testcase classname="com.AB.tests.Logintest" name="loginpositive" time="68.334"/>
</testsuite> <!-- com.AB.tests.Logintest -->
